[debug] [2024-06-21T16:43:05.720Z] ----------------------------------------------------------------------
[debug] [2024-06-21T16:43:05.721Z] Command:       /Users/debadyutimukherjee/.nvm/versions/node/v20.14.0/bin/node /Users/debadyutimukherjee/.nvm/versions/node/v20.14.0/bin/firebase serve
[debug] [2024-06-21T16:43:05.721Z] CLI Version:   13.11.2
[debug] [2024-06-21T16:43:05.721Z] Platform:      darwin
[debug] [2024-06-21T16:43:05.721Z] Node Version:  v20.14.0
[debug] [2024-06-21T16:43:05.721Z] Time:          Fri Jun 21 2024 22:13:05 GMT+0530 (India Standard Time)
[debug] [2024-06-21T16:43:05.721Z] ----------------------------------------------------------------------
[debug] 
[debug] [2024-06-21T16:43:05.723Z] >>> [apiv2][query] GET https://firebase-public.firebaseio.com/cli.json [none]
[debug] [2024-06-21T16:43:05.773Z] > command requires scopes: ["email","openid","https://www.googleapis.com/auth/cloudplatformprojects.readonly","https://www.googleapis.com/auth/firebase","https://www.googleapis.com/auth/cloud-platform"]
[debug] [2024-06-21T16:43:05.773Z] > authorizing via signed-in user (debadyuti.mukherjee.10@gmail.com)
[debug] [2024-06-21T16:43:05.774Z] [iam] checking project linksus-60279 for permissions ["firebase.projects.get"]
[debug] [2024-06-21T16:43:05.774Z] > refreshing access token with scopes: []
[debug] [2024-06-21T16:43:05.774Z] >>> [apiv2][query] POST https://www.googleapis.com/oauth2/v3/token [none]
[debug] [2024-06-21T16:43:05.774Z] >>> [apiv2][body] POST https://www.googleapis.com/oauth2/v3/token [omitted]
[debug] [2024-06-21T16:43:06.150Z] <<< [apiv2][status] POST https://www.googleapis.com/oauth2/v3/token 200
[debug] [2024-06-21T16:43:06.150Z] <<< [apiv2][body] POST https://www.googleapis.com/oauth2/v3/token [omitted]
[debug] [2024-06-21T16:43:06.161Z] >>> [apiv2][query] POST https://cloudresourcemanager.googleapis.com/v1/projects/linksus-60279:testIamPermissions [none]
[debug] [2024-06-21T16:43:06.161Z] >>> [apiv2][(partial)header] POST https://cloudresourcemanager.googleapis.com/v1/projects/linksus-60279:testIamPermissions x-goog-quota-user=projects/linksus-60279
[debug] [2024-06-21T16:43:06.161Z] >>> [apiv2][body] POST https://cloudresourcemanager.googleapis.com/v1/projects/linksus-60279:testIamPermissions {"permissions":["firebase.projects.get"]}
[debug] [2024-06-21T16:43:06.837Z] <<< [apiv2][status] GET https://firebase-public.firebaseio.com/cli.json 200
[debug] [2024-06-21T16:43:06.837Z] <<< [apiv2][body] GET https://firebase-public.firebaseio.com/cli.json {"cloudBuildErrorAfter":1594252800000,"cloudBuildWarnAfter":1590019200000,"defaultNode10After":1594252800000,"minVersion":"3.0.5","node8DeploysDisabledAfter":1613390400000,"node8RuntimeDisabledAfter":1615809600000,"node8WarnAfter":1600128000000}
[debug] [2024-06-21T16:43:07.862Z] <<< [apiv2][status] POST https://cloudresourcemanager.googleapis.com/v1/projects/linksus-60279:testIamPermissions 200
[debug] [2024-06-21T16:43:07.862Z] <<< [apiv2][body] POST https://cloudresourcemanager.googleapis.com/v1/projects/linksus-60279:testIamPermissions {"permissions":["firebase.projects.get"]}
[debug] [2024-06-21T16:43:07.863Z] >>> [apiv2][query] GET https://firebase.googleapis.com/v1beta1/projects/linksus-60279 [none]
[debug] [2024-06-21T16:43:08.425Z] <<< [apiv2][status] GET https://firebase.googleapis.com/v1beta1/projects/linksus-60279 200
[debug] [2024-06-21T16:43:08.425Z] <<< [apiv2][body] GET https://firebase.googleapis.com/v1beta1/projects/linksus-60279 {"projectId":"linksus-60279","projectNumber":"706856503285","displayName":"LinksUs","name":"projects/linksus-60279","resources":{"hostingSite":"linksus-60279","storageBucket":"linksus-60279.appspot.com","locationId":"australia-southeast1"},"state":"ACTIVE","etag":"1_6f9fdd48-2c86-43a6-855a-686fe9ea04d5"}
[info] 
[info] === Serving from '/Users/debadyutimukherjee/Desktop/Work/LinksUs/pilot/final/pilot-frontend'...
[info] 
[debug] [2024-06-21T16:43:08.428Z] >>> [apiv2][query] GET https://firebasehosting.googleapis.com/v1beta1/projects/linksus-60279/sites 
[debug] [2024-06-21T16:43:09.542Z] <<< [apiv2][status] GET https://firebasehosting.googleapis.com/v1beta1/projects/linksus-60279/sites 200
[debug] [2024-06-21T16:43:09.542Z] <<< [apiv2][body] GET https://firebasehosting.googleapis.com/v1beta1/projects/linksus-60279/sites {"sites":[{"name":"projects/linksus-60279/sites/linksus-60279","defaultUrl":"https://linksus-60279.web.app","type":"DEFAULT_SITE"}]}
[debug] [2024-06-21T16:43:09.543Z] >>> [apiv2][query] GET https://firebase.googleapis.com/v1beta1/projects/linksus-60279/webApps/-/config [none]
[debug] [2024-06-21T16:43:11.136Z] <<< [apiv2][status] GET https://firebase.googleapis.com/v1beta1/projects/linksus-60279/webApps/-/config 200
[debug] [2024-06-21T16:43:11.137Z] <<< [apiv2][body] GET https://firebase.googleapis.com/v1beta1/projects/linksus-60279/webApps/-/config {"projectId":"linksus-60279","storageBucket":"linksus-60279.appspot.com","locationId":"australia-southeast1","apiKey":"AIzaSyD6pcwpmNm3D0ZBZ1JYInhZwlgiLl5_lg0","authDomain":"linksus-60279.firebaseapp.com","messagingSenderId":"706856503285"}
[debug] [2024-06-21T16:43:11.145Z] >>> [apiv2][query] GET https://firebase.googleapis.com/v1beta1/projects/linksus-60279 [none]
[debug] [2024-06-21T16:43:11.499Z] <<< [apiv2][status] GET https://firebase.googleapis.com/v1beta1/projects/linksus-60279 200
[debug] [2024-06-21T16:43:11.499Z] <<< [apiv2][body] GET https://firebase.googleapis.com/v1beta1/projects/linksus-60279 {"projectId":"linksus-60279","projectNumber":"706856503285","displayName":"LinksUs","name":"projects/linksus-60279","resources":{"hostingSite":"linksus-60279","storageBucket":"linksus-60279.appspot.com","locationId":"australia-southeast1"},"state":"ACTIVE","etag":"1_6f9fdd48-2c86-43a6-855a-686fe9ea04d5"}
[info] i  hosting[linksus-60279]: Serving hosting files from: build {"metadata":{"emulator":{"name":"hosting"},"message":"Serving hosting files from: \u001b[1mbuild\u001b[22m"}}
[info] ✔  hosting[linksus-60279]: Local server: http://localhost:5002 {"metadata":{"emulator":{"name":"hosting"},"message":"Local server: \u001b[4m\u001b[1mhttp://localhost:5002\u001b[22m\u001b[24m"}}
[info] i  hosting: ::1 - - [21/Jun/2024:16:43:14 +0000] "GET / HTTP/1.1" 200 644 "-" "Mozilla/5.0 (Macintosh; Intel Mac OS X 10_15_7) AppleWebKit/605.1.15 (KHTML, like Gecko) Version/17.5 Safari/605.1.15" {"metadata":{"emulator":{"name":"hosting"},"message":"::1 - - [21/Jun/2024:16:43:14 +0000] \"GET / HTTP/1.1\" 200 644 \"-\" \"Mozilla/5.0 (Macintosh; Intel Mac OS X 10_15_7) AppleWebKit/605.1.15 (KHTML, like Gecko) Version/17.5 Safari/605.1.15\""}}
[info] i  hosting: ::1 - - [21/Jun/2024:16:43:14 +0000] "GET /manifest.json HTTP/1.1" 200 492 "http://localhost:5002/" "Mozilla/5.0 (Macintosh; Intel Mac OS X 10_15_7) AppleWebKit/605.1.15 (KHTML, like Gecko) Version/17.5 Safari/605.1.15" {"metadata":{"emulator":{"name":"hosting"},"message":"::1 - - [21/Jun/2024:16:43:14 +0000] \"GET /manifest.json HTTP/1.1\" 200 492 \"http://localhost:5002/\" \"Mozilla/5.0 (Macintosh; Intel Mac OS X 10_15_7) AppleWebKit/605.1.15 (KHTML, like Gecko) Version/17.5 Safari/605.1.15\""}}
[info] i  hosting: ::1 - - [21/Jun/2024:16:43:14 +0000] "GET /static/css/main.0a190c4d.css HTTP/1.1" 200 - "http://localhost:5002/" "Mozilla/5.0 (Macintosh; Intel Mac OS X 10_15_7) AppleWebKit/605.1.15 (KHTML, like Gecko) Version/17.5 Safari/605.1.15" {"metadata":{"emulator":{"name":"hosting"},"message":"::1 - - [21/Jun/2024:16:43:14 +0000] \"GET /static/css/main.0a190c4d.css HTTP/1.1\" 200 - \"http://localhost:5002/\" \"Mozilla/5.0 (Macintosh; Intel Mac OS X 10_15_7) AppleWebKit/605.1.15 (KHTML, like Gecko) Version/17.5 Safari/605.1.15\""}}
[info] i  hosting: ::1 - - [21/Jun/2024:16:43:14 +0000] "GET /static/js/main.7cc67450.js HTTP/1.1" 200 - "http://localhost:5002/" "Mozilla/5.0 (Macintosh; Intel Mac OS X 10_15_7) AppleWebKit/605.1.15 (KHTML, like Gecko) Version/17.5 Safari/605.1.15" {"metadata":{"emulator":{"name":"hosting"},"message":"::1 - - [21/Jun/2024:16:43:14 +0000] \"GET /static/js/main.7cc67450.js HTTP/1.1\" 200 - \"http://localhost:5002/\" \"Mozilla/5.0 (Macintosh; Intel Mac OS X 10_15_7) AppleWebKit/605.1.15 (KHTML, like Gecko) Version/17.5 Safari/605.1.15\""}}
[info] i  hosting: ::1 - - [21/Jun/2024:16:43:14 +0000] "GET /favicon.ico HTTP/1.1" 200 - "http://localhost:5002/" "Mozilla/5.0 (Macintosh; Intel Mac OS X 10_15_7) AppleWebKit/605.1.15 (KHTML, like Gecko) Version/17.5 Safari/605.1.15" {"metadata":{"emulator":{"name":"hosting"},"message":"::1 - - [21/Jun/2024:16:43:14 +0000] \"GET /favicon.ico HTTP/1.1\" 200 - \"http://localhost:5002/\" \"Mozilla/5.0 (Macintosh; Intel Mac OS X 10_15_7) AppleWebKit/605.1.15 (KHTML, like Gecko) Version/17.5 Safari/605.1.15\""}}
